0 info it worked if it ends with ok
1 verbose cli [ 'C:\\Program Files\\nodejs\\node.exe',
1 verbose cli   'C:\\Program Files\\nodejs\\node_modules\\npm\\bin\\npm-cli.js',
1 verbose cli   'run',
1 verbose cli   'build' ]
2 info using npm@3.10.10
3 info using node@v6.11.0
4 verbose run-script [ 'prebuild', 'build', 'postbuild' ]
5 info lifecycle vue-resource-tutorial@~prebuild: vue-resource-tutorial@
6 silly lifecycle vue-resource-tutorial@~prebuild: no script for prebuild, continuing
7 info lifecycle vue-resource-tutorial@~build: vue-resource-tutorial@
8 verbose lifecycle vue-resource-tutorial@~build: unsafe-perm in lifecycle true
9 verbose lifecycle vue-resource-tutorial@~build: PATH: C:\Program Files\nodejs\node_modules\npm\bin\node-gyp-bin;D:\VueJS\node_modules\.bin;C:\Users\PC-417489\bin;C:\Users\PC-417489\AppData\Local\Programs\Git\mingw64\bin;C:\Users\PC-417489\AppData\Local\Programs\Git\usr\local\bin;C:\Users\PC-417489\AppData\Local\Programs\Git\usr\bin;C:\Users\PC-417489\AppData\Local\Programs\Git\usr\bin;C:\Users\PC-417489\AppData\Local\Programs\Git\mingw64\bin;C:\Users\PC-417489\AppData\Local\Programs\Git\usr\bin;C:\Users\PC-417489\bin;C:\Windows\system32;C:\Windows;C:\Windows\System32\Wbem;C:\Windows\System32\WindowsPowerShell\v1.0;C:\Program Files (x86)\Skype\Phone;C:\Program Files\nodejs;C:\Users\PC-417489\AppData\Local\Microsoft\WindowsApps;C:\Users\PC-417489\AppData\Local\Programs\Git\cmd;C:\Users\PC-417489\AppData\Roaming\npm;C:\Users\PC-417489\AppData\Local\Programs\Git\usr\bin\vendor_perl;C:\Users\PC-417489\AppData\Local\Programs\Git\usr\bin\core_perl
10 verbose lifecycle vue-resource-tutorial@~build: CWD: D:\VueJS
11 silly lifecycle vue-resource-tutorial@~build: Args: [ '/d /s /c', 'cross-env NODE_ENV=production webpack' ]
12 silly lifecycle vue-resource-tutorial@~build: Returned: code: 1  signal: null
13 info lifecycle vue-resource-tutorial@~build: Failed to exec build script
14 verbose stack Error: vue-resource-tutorial@ build: `cross-env NODE_ENV=production webpack`
14 verbose stack Exit status 1
14 verbose stack     at EventEmitter.<anonymous> (C:\Program Files\nodejs\node_modules\npm\lib\utils\lifecycle.js:255:16)
14 verbose stack     at emitTwo (events.js:106:13)
14 verbose stack     at EventEmitter.emit (events.js:191:7)
14 verbose stack     at ChildProcess.<anonymous> (C:\Program Files\nodejs\node_modules\npm\lib\utils\spawn.js:40:14)
14 verbose stack     at emitTwo (events.js:106:13)
14 verbose stack     at ChildProcess.emit (events.js:191:7)
14 verbose stack     at maybeClose (internal/child_process.js:891:16)
14 verbose stack     at Process.ChildProcess._handle.onexit (internal/child_process.js:226:5)
15 verbose pkgid vue-resource-tutorial@
16 verbose cwd D:\VueJS
17 error Windows_NT 10.0.14393
18 error argv "C:\\Program Files\\nodejs\\node.exe" "C:\\Program Files\\nodejs\\node_modules\\npm\\bin\\npm-cli.js" "run" "build"
19 error node v6.11.0
20 error npm  v3.10.10
21 error code ELIFECYCLE
22 error vue-resource-tutorial@ build: `cross-env NODE_ENV=production webpack`
22 error Exit status 1
23 error Failed at the vue-resource-tutorial@ build script 'cross-env NODE_ENV=production webpack'.
23 error Make sure you have the latest version of node.js and npm installed.
23 error If you do, this is most likely a problem with the vue-resource-tutorial package,
23 error not with npm itself.
23 error Tell the author that this fails on your system:
23 error     cross-env NODE_ENV=production webpack
23 error You can get information on how to open an issue for this project with:
23 error     npm bugs vue-resource-tutorial
23 error Or if that isn't available, you can get their info via:
23 error     npm owner ls vue-resource-tutorial
23 error There is likely additional logging output above.
24 verbose exit [ 1, true ]
